<?xml version="1.0" encoding="UTF-8"?>
<!-- Generated by org.testng.reporters.JUnitReportReporter -->
<testsuite skipped="0" hostname="LAPTOP-KNHH4CE3" name="Scratch.E2E_project.Home_page" tests="1" failures="0" timestamp="05 Sep 2020 11:36:13 GMT" time="1.384" errors="0">
  <testcase name="Login" time="1.384" classname="Scratch.E2E_project.Home_page"/>
</testsuite> <!-- Scratch.E2E_project.Home_page -->
